Found 2 level files:
  - sec.lvl
  - prim.lvl
Loaded level: sec.lvl (dimensions: 10x8, tempo: 15)
KEY D
REFRESH
KEY D
REFRESH
KEY D
REFRESH
KEY A
REFRESH
KEY A
REFRESH
KEY A
REFRESH
KEY D
REFRESH
KEY D
REFRESH
KEY D
REFRESH
KEY D
REFRESH
KEY D
REFRESH
KEY S
REFRESH
KEY D
REFRESH
KEY A
REFRESH
KEY S
REFRESH
KEY A
REFRESH
KEY A
REFRESH
KEY A
REFRESH
KEY A
REFRESH
KEY A
REFRESH
KEY W
REFRESH
KEY S
REFRESH
KEY S
REFRESH
KEY S
REFRESH
KEY D
REFRESH
KEY D
REFRESH
KEY D
REFRESH
KEY W
REFRESH
KEY A
REFRESH
KEY A
REFRESH
KEY A
REFRESH
KEY D
REFRESH
KEY S
REFRESH
KEY D
REFRESH
KEY D
REFRESH
KEY D
REFRESH
KEY D
REFRESH
KEY D
REFRESH
KEY A
REFRESH
KEY D
REFRESH
KEY D
REFRESH
KEY A
REFRESH
KEY A
REFRESH
KEY A
REFRESH
KEY A
REFRESH
KEY A
REFRESH
KEY A
REFRESH
KEY A
REFRESH
KEY W
REFRESH
KEY W
REFRESH
KEY W
REFRESH
KEY D
REFRESH
KEY D
REFRESH
KEY D
REFRESH
KEY D
REFRESH
KEY S
REFRESH
KEY D
REFRESH
KEY D
REFRESH
KEY D
REFRESH
KEY D
REFRESH
KEY A
REFRESH
KEY W
REFRESH
KEY A
REFRESH
KEY W
REFRESH
KEY W
REFRESH
KEY W
REFRESH
KEY D
REFRESH
=== [175962] LEVEL INFO ===
Dimensions: 8 x 10
Tempo: 15
Pacman file: 
Monster files (0):

=== BOARD ===
WWWWWWWWWW
W      PWW
W WWWW  WW
W      WWW
W WWW    W
W    WWWWW
W        W
WWWWWWWWWW
==================
Loaded level: prim.lvl (dimensions: 6x6, tempo: 10)
KEY W
REFRESH
KEY D
REFRESH
KEY W
REFRESH
KEY S
REFRESH
KEY D
REFRESH
KEY A
REFRESH
KEY A
REFRESH
KEY S
REFRESH
KEY W
REFRESH
KEY D
REFRESH
KEY S
REFRESH
KEY S
REFRESH
KEY D
REFRESH
KEY S
REFRESH
KEY S
REFRESH
KEY D
REFRESH
=== [175962] LEVEL INFO ===
Dimensions: 6 x 6
Tempo: 10
Pacman file: 
Monster files (1):
  - m1.m

=== BOARD ===
WW WWW
W   WW
W W WW
W   PW
W M  W
WWWWWW
==================
