KEY D
REFRESH
KEY D
REFRESH
KEY D
REFRESH
KEY D
REFRESH
KEY D
REFRESH
KEY D
REFRESH
KEY D
REFRESH
KEY S
REFRESH
KEY A
REFRESH
KEY A
REFRESH
REFRESH
REFRESH
KEY W
REFRESH
KEY A
REFRESH
KEY A
REFRESH
KEY A
REFRESH
KEY A
REFRESH
KEY A
REFRESH
KEY S
REFRESH
KEY D
REFRESH
KEY D
REFRESH
KEY D
REFRESH
KEY D
REFRESH
KEY S
REFRESH
KEY A
REFRESH
KEY A
REFRESH
KEY A
REFRESH
KEY A
REFRESH
REFRESH
REFRESH
KEY S
REFRESH
KEY D
REFRESH
KEY D
REFRESH
KEY D
REFRESH
KEY D
REFRESH
KEY D
REFRESH
KEY D
REFRESH
KEY W
REFRESH
KEY D
REFRESH
KEY A
REFRESH
KEY S
REFRESH
KEY A
REFRESH
KEY W
REFRESH
KEY A
REFRESH
KEY S
REFRESH
KEY D
REFRESH
KEY D
REFRESH
KEY D
REFRESH
=== [10854] LEVEL INFO ===
Dimensions: 5 x 10
Tempo: 10
Pacman file: 
Monster files (2):
  - 
  - 

=== BOARD ===
WWWWWWWWWW
W M      W
W        W
W    M   W
W       PW
==================
